[DEBUG] 2021-02-14 12:26:02.845 [main] BROWSER:37-Navigated to http://qa3.trueconf.net
[DEBUG] 2021-02-14 12:39:22.627 [main] BROWSER:37-Navigated to http://localhost
[DEBUG] 2021-02-14 12:39:51.502 [main] BROWSER:37-Navigated to https://localhost
[DEBUG] 2021-02-14 12:40:46.560 [main] BROWSER:37-Navigated to https://localhost
[DEBUG] 2021-02-14 12:41:24.869 [main] BROWSER:37-Navigated to https://localhost
[DEBUG] 2021-02-14 12:49:23.839 [main] BROWSER:37-Navigated to https://localhost
[DEBUG] 2021-02-14 12:49:23.893 [main] BROWSER:38-qrc:///qtwebchannel/qwebchannel.js - Failed to load resource: net::ERR_UNKNOWN_URL_SCHEME
[DEBUG] 2021-02-14 12:51:00.886 [main] BROWSER:37-Navigated to https://localhost
[DEBUG] 2021-02-14 12:51:00.900 [main] BROWSER:38-qrc:///qtwebchannel/qwebchannel.js - Failed to load resource: net::ERR_UNKNOWN_URL_SCHEME
[DEBUG] 2021-02-14 12:52:15.087 [main] BROWSER:37-Navigated to https://localhost
[DEBUG] 2021-02-14 12:52:15.099 [main] BROWSER:38-qrc:///qtwebchannel/qwebchannel.js - Failed to load resource: net::ERR_UNKNOWN_URL_SCHEME
[DEBUG] 2021-02-14 12:53:20.270 [main] BROWSER:37-Navigated to https://localhost
[DEBUG] 2021-02-14 12:53:20.284 [main] BROWSER:38-qrc:///qtwebchannel/qwebchannel.js - Failed to load resource: net::ERR_UNKNOWN_URL_SCHEME
[DEBUG] 2021-02-14 12:53:55.723 [main] BROWSER:37-Navigated to https://localhost
[DEBUG] 2021-02-14 12:53:55.741 [main] BROWSER:38-qrc:///qtwebchannel/qwebchannel.js - Failed to load resource: net::ERR_UNKNOWN_URL_SCHEME
[DEBUG] 2021-02-14 12:55:14.316 [main] BROWSER:37-Navigated to https://localhost
[DEBUG] 2021-02-14 12:55:14.338 [main] BROWSER:38-qrc:///qtwebchannel/qwebchannel.js - Failed to load resource: net::ERR_UNKNOWN_URL_SCHEME
[DEBUG] 2021-02-14 12:56:29.250 [main] BROWSER:37-Navigated to https://localhost
[DEBUG] 2021-02-14 12:56:29.264 [main] BROWSER:38-qrc:///qtwebchannel/qwebchannel.js - Failed to load resource: net::ERR_UNKNOWN_URL_SCHEME
[DEBUG] 2021-02-14 12:58:24.007 [main] BROWSER:37-Navigated to https://localhost
[DEBUG] 2021-02-14 12:58:24.156 [main] BROWSER:38-qrc:///qtwebchannel/qwebchannel.js - Failed to load resource: net::ERR_UNKNOWN_URL_SCHEME
[DEBUG] 2021-02-14 13:01:10.393 [main] BROWSER:37-Navigated to https://localhost
[DEBUG] 2021-02-14 13:01:10.408 [main] BROWSER:38-qrc:///qtwebchannel/qwebchannel.js - Failed to load resource: net::ERR_UNKNOWN_URL_SCHEME
[DEBUG] 2021-02-14 13:08:01.785 [main] BROWSER:37-Navigated to https://localhost
[DEBUG] 2021-02-14 13:08:01.814 [main] BROWSER:38-qrc:///qtwebchannel/qwebchannel.js - Failed to load resource: net::ERR_UNKNOWN_URL_SCHEME
[DEBUG] 2021-02-14 13:09:59.478 [main] BROWSER:37-Navigated to https://localhost
[DEBUG] 2021-02-14 13:09:59.490 [main] BROWSER:38-qrc:///qtwebchannel/qwebchannel.js - Failed to load resource: net::ERR_UNKNOWN_URL_SCHEME
[DEBUG] 2021-02-14 13:11:35.732 [main] BROWSER:37-Navigated to https://localhost
[DEBUG] 2021-02-14 13:11:35.745 [main] BROWSER:38-qrc:///qtwebchannel/qwebchannel.js - Failed to load resource: net::ERR_UNKNOWN_URL_SCHEME
[DEBUG] 2021-02-14 16:23:32.562 [main] BROWSER:37-Navigated to https://localhost
[DEBUG] 2021-02-14 16:23:32.582 [main] BROWSER:38-qrc:///qtwebchannel/qwebchannel.js - Failed to load resource: net::ERR_UNKNOWN_URL_SCHEME
[DEBUG] 2021-02-14 16:25:01.073 [main] BROWSER:37-Navigated to https://localhost
[DEBUG] 2021-02-14 16:25:01.088 [main] BROWSER:38-qrc:///qtwebchannel/qwebchannel.js - Failed to load resource: net::ERR_UNKNOWN_URL_SCHEME
[DEBUG] 2021-02-14 16:26:37.899 [main] BROWSER:37-Navigated to https://localhost
[DEBUG] 2021-02-14 16:26:37.916 [main] BROWSER:38-qrc:///qtwebchannel/qwebchannel.js - Failed to load resource: net::ERR_UNKNOWN_URL_SCHEME
[DEBUG] 2021-02-14 16:27:35.424 [main] BROWSER:37-Navigated to https://localhost
[DEBUG] 2021-02-14 16:27:35.438 [main] BROWSER:38-qrc:///qtwebchannel/qwebchannel.js - Failed to load resource: net::ERR_UNKNOWN_URL_SCHEME
[DEBUG] 2021-02-14 16:28:46.638 [main] BROWSER:37-Navigated to https://localhost
[DEBUG] 2021-02-14 16:28:46.651 [main] BROWSER:38-qrc:///qtwebchannel/qwebchannel.js - Failed to load resource: net::ERR_UNKNOWN_URL_SCHEME
[DEBUG] 2021-02-14 16:30:17.221 [main] BROWSER:37-Navigated to https://localhost
[DEBUG] 2021-02-14 16:30:17.234 [main] BROWSER:38-qrc:///qtwebchannel/qwebchannel.js - Failed to load resource: net::ERR_UNKNOWN_URL_SCHEME
[DEBUG] 2021-02-14 16:31:42.164 [main] BROWSER:37-Navigated to https://localhost
[DEBUG] 2021-02-14 16:31:42.179 [main] BROWSER:38-qrc:///qtwebchannel/qwebchannel.js - Failed to load resource: net::ERR_UNKNOWN_URL_SCHEME
[DEBUG] 2021-02-14 16:44:19.714 [main] BROWSER:37-Navigated to https://localhost
[DEBUG] 2021-02-14 16:44:19.729 [main] BROWSER:38-qrc:///qtwebchannel/qwebchannel.js - Failed to load resource: net::ERR_UNKNOWN_URL_SCHEME
[DEBUG] 2021-02-14 18:54:56.618 [main] BROWSER:37-Navigated to http://automationpractice.com/index.php
[DEBUG] 2021-02-16 21:21:03.749 [main] BROWSER:37-Navigated to https://localhost
[DEBUG] 2021-02-16 21:21:03.767 [main] BROWSER:38-qrc:///qtwebchannel/qwebchannel.js - Failed to load resource: net::ERR_UNKNOWN_URL_SCHEME
[DEBUG] 2021-02-16 21:27:28.711 [main] BROWSER:37-Navigated to https://localhost
[DEBUG] 2021-02-16 21:27:28.729 [main] BROWSER:38-qrc:///qtwebchannel/qwebchannel.js - Failed to load resource: net::ERR_UNKNOWN_URL_SCHEME
[DEBUG] 2021-02-16 21:32:17.740 [main] BROWSER:37-Navigated to https://localhost
[DEBUG] 2021-02-16 21:32:17.847 [main] BROWSER:38-qrc:///qtwebchannel/qwebchannel.js - Failed to load resource: net::ERR_UNKNOWN_URL_SCHEME
[DEBUG] 2021-02-16 21:34:28.223 [main] BROWSER:37-Navigated to https://localhost
[DEBUG] 2021-02-16 21:34:28.236 [main] BROWSER:38-qrc:///qtwebchannel/qwebchannel.js - Failed to load resource: net::ERR_UNKNOWN_URL_SCHEME
[DEBUG] 2021-02-16 21:35:56.507 [main] BROWSER:37-Navigated to https://localhost
[DEBUG] 2021-02-16 21:35:56.525 [main] BROWSER:38-qrc:///qtwebchannel/qwebchannel.js - Failed to load resource: net::ERR_UNKNOWN_URL_SCHEME
[DEBUG] 2021-02-16 21:39:32.334 [main] BROWSER:37-Navigated to https://localhost
[DEBUG] 2021-02-16 21:39:32.544 [main] BROWSER:38-qrc:///qtwebchannel/qwebchannel.js - Failed to load resource: net::ERR_UNKNOWN_URL_SCHEME
[DEBUG] 2021-02-16 21:41:54.201 [main] BROWSER:37-Navigated to https://localhost
[DEBUG] 2021-02-16 21:41:54.223 [main] BROWSER:38-qrc:///qtwebchannel/qwebchannel.js - Failed to load resource: net::ERR_UNKNOWN_URL_SCHEME
[DEBUG] 2021-02-16 21:42:34.952 [main] BROWSER:37-Navigated to https://localhost
[DEBUG] 2021-02-16 21:42:34.974 [main] BROWSER:38-qrc:///qtwebchannel/qwebchannel.js - Failed to load resource: net::ERR_UNKNOWN_URL_SCHEME
[DEBUG] 2021-02-16 21:43:12.812 [main] BROWSER:37-Navigated to https://localhost
[DEBUG] 2021-02-16 21:43:12.830 [main] BROWSER:38-qrc:///qtwebchannel/qwebchannel.js - Failed to load resource: net::ERR_UNKNOWN_URL_SCHEME
[DEBUG] 2021-02-16 21:44:33.564 [main] BROWSER:37-Navigated to https://localhost
[DEBUG] 2021-02-16 21:44:33.577 [main] BROWSER:38-qrc:///qtwebchannel/qwebchannel.js - Failed to load resource: net::ERR_UNKNOWN_URL_SCHEME
[DEBUG] 2021-02-16 21:46:25.513 [main] BROWSER:37-Navigated to https://localhost
[DEBUG] 2021-02-16 21:46:25.527 [main] BROWSER:38-qrc:///qtwebchannel/qwebchannel.js - Failed to load resource: net::ERR_UNKNOWN_URL_SCHEME
[DEBUG] 2021-02-16 21:47:11.271 [main] BROWSER:37-Navigated to https://localhost
[DEBUG] 2021-02-16 21:47:11.286 [main] BROWSER:38-qrc:///qtwebchannel/qwebchannel.js - Failed to load resource: net::ERR_UNKNOWN_URL_SCHEME
[DEBUG] 2021-02-16 21:59:49.241 [main] BROWSER:37-Navigated to https://localhost
[DEBUG] 2021-02-16 21:59:49.254 [main] BROWSER:38-qrc:///qtwebchannel/qwebchannel.js - Failed to load resource: net::ERR_UNKNOWN_URL_SCHEME
[DEBUG] 2021-02-16 22:02:36.868 [main] BROWSER:37-Navigated to https://localhost
[DEBUG] 2021-02-16 22:02:36.888 [main] BROWSER:38-qrc:///qtwebchannel/qwebchannel.js - Failed to load resource: net::ERR_UNKNOWN_URL_SCHEME
[DEBUG] 2021-02-16 22:07:18.861 [main] BROWSER:37-Navigated to https://localhost
[DEBUG] 2021-02-16 22:07:18.877 [main] BROWSER:38-qrc:///qtwebchannel/qwebchannel.js - Failed to load resource: net::ERR_UNKNOWN_URL_SCHEME
[DEBUG] 2021-02-16 22:09:29.537 [main] BROWSER:37-Navigated to https://localhost
[DEBUG] 2021-02-16 22:09:29.576 [main] BROWSER:38-qrc:///qtwebchannel/qwebchannel.js - Failed to load resource: net::ERR_UNKNOWN_URL_SCHEME
[DEBUG] 2021-02-16 22:10:25.895 [main] BROWSER:37-Navigated to https://localhost
[DEBUG] 2021-02-16 22:10:25.912 [main] BROWSER:38-qrc:///qtwebchannel/qwebchannel.js - Failed to load resource: net::ERR_UNKNOWN_URL_SCHEME
[DEBUG] 2021-02-16 22:11:16.447 [main] BROWSER:37-Navigated to https://localhost
[DEBUG] 2021-02-16 22:11:16.458 [main] BROWSER:38-qrc:///qtwebchannel/qwebchannel.js - Failed to load resource: net::ERR_UNKNOWN_URL_SCHEME
[DEBUG] 2021-02-16 22:12:00.182 [main] BROWSER:37-Navigated to https://localhost
[DEBUG] 2021-02-16 22:12:00.197 [main] BROWSER:38-qrc:///qtwebchannel/qwebchannel.js - Failed to load resource: net::ERR_UNKNOWN_URL_SCHEME
[DEBUG] 2021-02-16 22:13:00.241 [main] BROWSER:37-Navigated to https://localhost
[DEBUG] 2021-02-16 22:13:00.258 [main] BROWSER:38-qrc:///qtwebchannel/qwebchannel.js - Failed to load resource: net::ERR_UNKNOWN_URL_SCHEME
[DEBUG] 2021-02-16 22:14:15.429 [main] BROWSER:37-Navigated to https://localhost
[DEBUG] 2021-02-16 22:14:15.452 [main] BROWSER:38-qrc:///qtwebchannel/qwebchannel.js - Failed to load resource: net::ERR_UNKNOWN_URL_SCHEME
[DEBUG] 2021-02-16 22:15:15.496 [main] BROWSER:37-Navigated to https://localhost
[DEBUG] 2021-02-16 22:15:15.510 [main] BROWSER:38-qrc:///qtwebchannel/qwebchannel.js - Failed to load resource: net::ERR_UNKNOWN_URL_SCHEME
[DEBUG] 2021-02-16 22:17:31.406 [main] BROWSER:37-Navigated to https://localhost
[DEBUG] 2021-02-16 22:17:31.425 [main] BROWSER:38-qrc:///qtwebchannel/qwebchannel.js - Failed to load resource: net::ERR_UNKNOWN_URL_SCHEME
