[DEBUG] 2021-02-14 12:26:05.100 [main] TRAFFIC:133-200:http://qa3.trueconf.net/
[DEBUG] 2021-02-14 12:26:05.101 [main] TRAFFIC:133-200:http://qa3.trueconf.net/user-area/vendors.styles-4.7.0.48.css
[DEBUG] 2021-02-14 12:26:05.102 [main] TRAFFIC:133-200:http://qa3.trueconf.net/user-area/styles-4.7.0.48.css
[DEBUG] 2021-02-14 12:26:05.102 [main] TRAFFIC:133-200:http://qa3.trueconf.net/user-area/bundle-4.7.0.48.js
[DEBUG] 2021-02-14 12:26:05.102 [main] TRAFFIC:133-200:http://qa3.trueconf.net/user-area/vue-components.bundle-4.7.0.48.js
[DEBUG] 2021-02-14 12:26:05.102 [main] TRAFFIC:133-200:http://qa3.trueconf.net/user-area/vuex-modules.bundle-4.7.0.48.js
[DEBUG] 2021-02-14 12:26:05.103 [main] TRAFFIC:133-200:http://qa3.trueconf.net/user-area/vendors.bundle-4.7.0.48.js
[DEBUG] 2021-02-14 12:26:05.103 [main] TRAFFIC:133-200:http://qa3.trueconf.net/api/v3.2/server/documentation?&lang=ru
[DEBUG] 2021-02-14 12:26:05.103 [main] TRAFFIC:133-200:http://qa3.trueconf.net/api/v3.2/server?&lang=ru
[DEBUG] 2021-02-14 12:26:05.103 [main] TRAFFIC:133-200:http://qa3.trueconf.net/user-area/images/main-background_21406ff3acd5097fe07b157a0eb877a2.png
[DEBUG] 2021-02-14 12:26:05.103 [main] TRAFFIC:133-200:http://qa3.trueconf.net/user-area/locale/locale.ru.bundle-4.7.0.48.js
[DEBUG] 2021-02-14 12:26:05.103 [main] TRAFFIC:133-200:http://qa3.trueconf.net/user-area/icons/favicon.ico
[DEBUG] 2021-02-14 12:26:05.103 [main] TRAFFIC:133-0:https://qa3.trueconf.net
[DEBUG] 2021-02-14 12:26:05.103 [main] TRAFFIC:133-200:http://qa3.trueconf.net/user-area/conference~guest.styles-4.7.0.48.css
[DEBUG] 2021-02-14 12:26:05.103 [main] TRAFFIC:133-200:http://qa3.trueconf.net/user-area/conference~guest.bundle-4.7.0.48.js
[DEBUG] 2021-02-14 12:26:05.103 [main] TRAFFIC:133-200:http://qa3.trueconf.net/user-area/guest.styles-4.7.0.48.css
[DEBUG] 2021-02-14 12:26:05.103 [main] TRAFFIC:133-200:http://qa3.trueconf.net/user-area/guest.bundle-4.7.0.48.js
[DEBUG] 2021-02-14 12:26:05.103 [main] TRAFFIC:133-200:http://qa3.trueconf.net/public/images/help/ru/chrome-security-warning-1.png
[DEBUG] 2021-02-14 12:26:05.103 [main] TRAFFIC:133-200:http://qa3.trueconf.net/public/images/help/ru/chrome-security-warning-2.png
[DEBUG] 2021-02-14 12:26:05.103 [main] TRAFFIC:133-200:http://qa3.trueconf.net/user-area/fonts/0fcd45fbfc419c42c8b96fafe87db102.ttf
[DEBUG] 2021-02-14 12:26:05.103 [main] TRAFFIC:133-200:http://qa3.trueconf.net/user-area/fonts/6bede58e856278b0f8f1ddf5aceb2e96.ttf
[DEBUG] 2021-02-14 12:26:05.103 [main] TRAFFIC:133-200:https://accounts.google.com/ListAccounts?gpsia=1&source=ChromiumBrowser&json=standard
[DEBUG] 2021-02-14 12:26:05.103 [main] TRAFFIC:133-404:http://qa3.trueconf.net/public/branding/logo.png
[DEBUG] 2021-02-14 12:26:05.103 [main] TRAFFIC:133-200:http://qa3.trueconf.net/user-area/fonts/83bebaf37c09c7e1c3ee52682892ae14.woff
[DEBUG] 2021-02-14 12:26:36.385 [main] TRAFFIC:133-0:https://qa3.trueconf.net
[DEBUG] 2021-02-14 12:26:36.386 [main] TRAFFIC:133-0:https://qa3.trueconf.net
[DEBUG] 2021-02-14 12:26:36.386 [main] TRAFFIC:133-0:https://qa3.trueconf.net
[DEBUG] 2021-02-14 12:26:36.386 [main] TRAFFIC:133-0:https://qa3.trueconf.net
[DEBUG] 2021-02-14 12:26:36.386 [main] TRAFFIC:133-0:https://qa3.trueconf.net
[DEBUG] 2021-02-14 12:26:36.386 [main] TRAFFIC:133-0:https://qa3.trueconf.net
[DEBUG] 2021-02-14 12:26:36.386 [main] TRAFFIC:133-200:https://accounts.google.com/ListAccounts?gpsia=1&source=ChromiumBrowser&json=standard
[DEBUG] 2021-02-14 12:27:07.568 [main] TRAFFIC:133-0:https://qa3.trueconf.net
[DEBUG] 2021-02-14 12:27:07.570 [main] TRAFFIC:133-0:https://qa3.trueconf.net
[DEBUG] 2021-02-14 12:27:07.570 [main] TRAFFIC:133-0:https://qa3.trueconf.net
[DEBUG] 2021-02-14 12:27:07.570 [main] TRAFFIC:133-0:https://qa3.trueconf.net
[DEBUG] 2021-02-14 12:27:07.570 [main] TRAFFIC:133-0:https://qa3.trueconf.net
[DEBUG] 2021-02-14 12:27:07.570 [main] TRAFFIC:133-0:https://qa3.trueconf.net
[DEBUG] 2021-02-14 12:27:07.571 [main] TRAFFIC:133-200:https://accounts.google.com/ListAccounts?gpsia=1&source=ChromiumBrowser&json=standard
[DEBUG] 2021-02-14 12:39:33.966 [main] TRAFFIC:133-200:https://accounts.google.com/ListAccounts?gpsia=1&source=ChromiumBrowser&json=standard
[DEBUG] 2021-02-14 12:40:06.452 [main] TRAFFIC:133-200:https://accounts.google.com/ListAccounts?gpsia=1&source=ChromiumBrowser&json=standard
[DEBUG] 2021-02-14 12:40:50.975 [main] TRAFFIC:133-200:https://accounts.google.com/ListAccounts?gpsia=1&source=ChromiumBrowser&json=standard
[DEBUG] 2021-02-14 12:41:32.822 [main] TRAFFIC:133-200:https://accounts.google.com/ListAccounts?gpsia=1&source=ChromiumBrowser&json=standard
[DEBUG] 2021-02-14 12:49:35.108 [main] TRAFFIC:133-200:https://accounts.google.com/ListAccounts?gpsia=1&source=ChromiumBrowser&json=standard
[DEBUG] 2021-02-14 12:51:11.712 [main] TRAFFIC:133-200:https://accounts.google.com/ListAccounts?gpsia=1&source=ChromiumBrowser&json=standard
[DEBUG] 2021-02-14 12:52:25.857 [main] TRAFFIC:133-200:https://accounts.google.com/ListAccounts?gpsia=1&source=ChromiumBrowser&json=standard
[DEBUG] 2021-02-14 12:53:31.475 [main] TRAFFIC:133-200:https://accounts.google.com/ListAccounts?gpsia=1&source=ChromiumBrowser&json=standard
[DEBUG] 2021-02-14 12:54:03.082 [main] TRAFFIC:133-200:https://accounts.google.com/ListAccounts?gpsia=1&source=ChromiumBrowser&json=standard
[DEBUG] 2021-02-14 12:55:21.571 [main] TRAFFIC:133-200:https://accounts.google.com/ListAccounts?gpsia=1&source=ChromiumBrowser&json=standard
[DEBUG] 2021-02-14 12:56:43.569 [main] TRAFFIC:133-200:https://accounts.google.com/ListAccounts?gpsia=1&source=ChromiumBrowser&json=standard
[DEBUG] 2021-02-14 12:58:38.195 [main] TRAFFIC:133-200:https://accounts.google.com/ListAccounts?gpsia=1&source=ChromiumBrowser&json=standard
[DEBUG] 2021-02-14 13:01:24.708 [main] TRAFFIC:133-200:https://accounts.google.com/ListAccounts?gpsia=1&source=ChromiumBrowser&json=standard
[DEBUG] 2021-02-14 13:08:16.125 [main] TRAFFIC:133-200:https://accounts.google.com/ListAccounts?gpsia=1&source=ChromiumBrowser&json=standard
[DEBUG] 2021-02-14 13:10:13.762 [main] TRAFFIC:133-200:https://accounts.google.com/ListAccounts?gpsia=1&source=ChromiumBrowser&json=standard
[DEBUG] 2021-02-14 13:11:39.565 [main] TRAFFIC:133-200:https://accounts.google.com/ListAccounts?gpsia=1&source=ChromiumBrowser&json=standard
[DEBUG] 2021-02-14 16:23:46.905 [main] TRAFFIC:133-200:https://accounts.google.com/ListAccounts?gpsia=1&source=ChromiumBrowser&json=standard
[DEBUG] 2021-02-14 16:25:15.526 [main] TRAFFIC:133-200:https://accounts.google.com/ListAccounts?gpsia=1&source=ChromiumBrowser&json=standard
[DEBUG] 2021-02-14 16:26:52.285 [main] TRAFFIC:133-200:https://accounts.google.com/ListAccounts?gpsia=1&source=ChromiumBrowser&json=standard
[DEBUG] 2021-02-14 16:27:49.804 [main] TRAFFIC:133-200:https://accounts.google.com/ListAccounts?gpsia=1&source=ChromiumBrowser&json=standard
[DEBUG] 2021-02-14 16:29:00.979 [main] TRAFFIC:133-200:https://accounts.google.com/ListAccounts?gpsia=1&source=ChromiumBrowser&json=standard
[DEBUG] 2021-02-14 16:30:47.035 [main] TRAFFIC:133-200:https://accounts.google.com/ListAccounts?gpsia=1&source=ChromiumBrowser&json=standard
[DEBUG] 2021-02-14 16:31:56.527 [main] TRAFFIC:133-200:https://accounts.google.com/ListAccounts?gpsia=1&source=ChromiumBrowser&json=standard
[DEBUG] 2021-02-14 16:44:23.646 [main] TRAFFIC:133-200:https://accounts.google.com/ListAccounts?gpsia=1&source=ChromiumBrowser&json=standard
